Summary of SPARK analysis
=========================

-------------------------------------------------------------------------------------------------------
SPARK Analysis results        Total       Flow   Interval   CodePeer     Provers   Justified   Unproved
-------------------------------------------------------------------------------------------------------
Data Dependencies                 .          .          .          .           .           .          .
Flow Dependencies                 .          .          .          .           .           .          .
Initialization                    3          3          .          .           .           .          .
Non-Aliasing                      .          .          .          .           .           .          .
Run-time Checks                   7          .          .          .    7 (CVC4)           .          .
Assertions                        .          .          .          .           .           .          .
Functional Contracts              1          .          .          .           .           .          1
LSP Verification                  .          .          .          .           .           .          .
-------------------------------------------------------------------------------------------------------
Total                            11    3 (27%)          .          .     7 (64%)           .     1 (9%)


Analyzed 2 units
in unit main, 0 subprograms and packages out of 1 analyzed
  Main at main.adb:5 skipped
in unit smallest_factor, 2 subprograms and packages out of 2 analyzed
  Smallest_Factor at smallest_factor.ads:1 flow analyzed (0 errors, 0 checks and 0 warnings) and proved (0 checks)
  Smallest_Factor.SmallestF at smallest_factor.ads:4 flow analyzed (0 errors, 0 checks and 0 warnings) and not proved, 7 checks out of 8 proved
