Summary of SPARK analysis
=========================

------------------------------------------------------------------------------------------------------
SPARK Analysis results        Total      Flow   Interval   CodePeer     Provers   Justified   Unproved
------------------------------------------------------------------------------------------------------
Data Dependencies                 .         .          .          .           .           .          .
Flow Dependencies                 .         .          .          .           .           .          .
Initialization                    .         .          .          .           .           .          .
Non-Aliasing                      .         .          .          .           .           .          .
Run-time Checks                   1         .          .          .    1 (CVC4)           .          .
Assertions                        .         .          .          .           .           .          .
Functional Contracts              1         .          .          .    1 (CVC4)           .          .
LSP Verification                  .         .          .          .           .           .          .
------------------------------------------------------------------------------------------------------
Total                             2         .          .          .    2 (100%)           .          .


Analyzed 2 units
in unit linear_search, 2 subprograms and packages out of 2 analyzed
  Linear_Search at linear_search.ads:1 flow analyzed (0 errors, 0 checks and 0 warnings) and proved (0 checks)
  Linear_Search.Search at linear_search.ads:9 flow analyzed (0 errors, 0 checks and 0 warnings) and proved (2 checks)
in unit main, 0 subprograms and packages out of 1 analyzed
  Main at main.adb:1 skipped
